[14-Sep-2022 10:45:41 Asia/Jakarta] PHP Warning:  include(conn.php): Failed to open stream: No such file or directory in D:\nial_app\upload_dokumen\App\radiologi.php on line 200
[14-Sep-2022 10:45:41 Asia/Jakarta] PHP Warning:  include(): Failed opening 'conn.php' for inclusion (include_path='.;C:\php\pear') in D:\nial_app\upload_dokumen\App\radiologi.php on line 200
[14-Sep-2022 10:45:41 Asia/Jakarta] PHP Warning:  include(edit.php): Failed to open stream: No such file or directory in D:\nial_app\upload_dokumen\App\radiologi.php on line 276
[14-Sep-2022 10:45:41 Asia/Jakarta] PHP Warning:  include(): Failed opening 'edit.php' for inclusion (include_path='.;C:\php\pear') in D:\nial_app\upload_dokumen\App\radiologi.php on line 276
[14-Sep-2022 10:46:15 Asia/Jakarta] PHP Warning:  include(conn.php): Failed to open stream: No such file or directory in D:\nial_app\upload_dokumen\App\radiologi.php on line 200
[14-Sep-2022 10:46:15 Asia/Jakarta] PHP Warning:  include(): Failed opening 'conn.php' for inclusion (include_path='.;C:\php\pear') in D:\nial_app\upload_dokumen\App\radiologi.php on line 200
[14-Sep-2022 10:46:15 Asia/Jakarta] PHP Warning:  include(edit.php): Failed to open stream: No such file or directory in D:\nial_app\upload_dokumen\App\radiologi.php on line 276
[14-Sep-2022 10:46:15 Asia/Jakarta] PHP Warning:  include(): Failed opening 'edit.php' for inclusion (include_path='.;C:\php\pear') in D:\nial_app\upload_dokumen\App\radiologi.php on line 276
[14-Sep-2022 10:46:30 Asia/Jakarta] PHP Warning:  include(conn.php): Failed to open stream: No such file or directory in D:\nial_app\upload_dokumen\App\radiologi.php on line 200
[14-Sep-2022 10:46:30 Asia/Jakarta] PHP Warning:  include(): Failed opening 'conn.php' for inclusion (include_path='.;C:\php\pear') in D:\nial_app\upload_dokumen\App\radiologi.php on line 200
[14-Sep-2022 10:46:30 Asia/Jakarta] PHP Warning:  include(edit.php): Failed to open stream: No such file or directory in D:\nial_app\upload_dokumen\App\radiologi.php on line 276
[14-Sep-2022 10:46:30 Asia/Jakarta] PHP Warning:  include(): Failed opening 'edit.php' for inclusion (include_path='.;C:\php\pear') in D:\nial_app\upload_dokumen\App\radiologi.php on line 276
[14-Sep-2022 10:47:25 Asia/Jakarta] PHP Warning:  include(conn.php): Failed to open stream: No such file or directory in D:\nial_app\upload_dokumen\App\radiologi.php on line 200
[14-Sep-2022 10:47:25 Asia/Jakarta] PHP Warning:  include(): Failed opening 'conn.php' for inclusion (include_path='.;C:\php\pear') in D:\nial_app\upload_dokumen\App\radiologi.php on line 200
[14-Sep-2022 10:47:25 Asia/Jakarta] PHP Warning:  include(edit.php): Failed to open stream: No such file or directory in D:\nial_app\upload_dokumen\App\radiologi.php on line 276
[14-Sep-2022 10:47:25 Asia/Jakarta] PHP Warning:  include(): Failed opening 'edit.php' for inclusion (include_path='.;C:\php\pear') in D:\nial_app\upload_dokumen\App\radiologi.php on line 276
[14-Sep-2022 10:48:57 Asia/Jakarta] PHP Warning:  include(edit.php): Failed to open stream: No such file or directory in D:\nial_app\upload_dokumen\App\radiologi.php on line 268
[14-Sep-2022 10:48:57 Asia/Jakarta] PHP Warning:  include(): Failed opening 'edit.php' for inclusion (include_path='.;C:\php\pear') in D:\nial_app\upload_dokumen\App\radiologi.php on line 268
[14-Sep-2022 10:49:05 Asia/Jakarta] PHP Warning:  include(edit.php): Failed to open stream: No such file or directory in D:\nial_app\upload_dokumen\App\radiologi.php on line 268
[14-Sep-2022 10:49:05 Asia/Jakarta] PHP Warning:  include(): Failed opening 'edit.php' for inclusion (include_path='.;C:\php\pear') in D:\nial_app\upload_dokumen\App\radiologi.php on line 268
[14-Sep-2022 10:54:51 Asia/Jakarta] PHP Warning:  Undefined array key "file_name" in D:\nial_app\upload_dokumen\App\radiologi.php on line 204
[14-Sep-2022 10:55:38 Asia/Jakarta] PHP Warning:  Undefined array key "file_name" in D:\nial_app\upload_dokumen\App\radiologi.php on line 201
