[16-Mar-2022 11:50:30 Asia/Jakarta] PHP Warning:  Undefined array key "upload" in D:\nial_app\akre\upload\aksi.php on line 3
[16-Mar-2022 11:52:46 Asia/Jakarta] PHP Warning:  Undefined array key "upload" in D:\nial_app\akre\upload\aksi.php on line 3
[16-Mar-2022 11:54:04 Asia/Jakarta] PHP Warning:  Undefined array key "upload" in D:\nial_app\akre\upload\aksi.php on line 4
[16-Mar-2022 11:54:37 Asia/Jakarta] PHP Warning:  Undefined array key "file" in D:\nial_app\akre\upload\aksi.php on line 6
[16-Mar-2022 11:54:37 Asia/Jakarta] PHP Warning:  Trying to access array offset on value of type null in D:\nial_app\akre\upload\aksi.php on line 6
[16-Mar-2022 11:54:37 Asia/Jakarta] PHP Warning:  Undefined array key "file" in D:\nial_app\akre\upload\aksi.php on line 9
[16-Mar-2022 11:54:37 Asia/Jakarta] PHP Warning:  Trying to access array offset on value of type null in D:\nial_app\akre\upload\aksi.php on line 9
[16-Mar-2022 11:54:37 Asia/Jakarta] PHP Warning:  Undefined array key "file" in D:\nial_app\akre\upload\aksi.php on line 10
[16-Mar-2022 11:54:37 Asia/Jakarta] PHP Warning:  Trying to access array offset on value of type null in D:\nial_app\akre\upload\aksi.php on line 10
[16-Mar-2022 11:54:53 Asia/Jakarta] PHP Warning:  Undefined array key "file" in D:\nial_app\akre\upload\aksi.php on line 6
[16-Mar-2022 11:54:53 Asia/Jakarta] PHP Warning:  Trying to access array offset on value of type null in D:\nial_app\akre\upload\aksi.php on line 6
[16-Mar-2022 11:54:53 Asia/Jakarta] PHP Warning:  Undefined array key "file" in D:\nial_app\akre\upload\aksi.php on line 9
[16-Mar-2022 11:54:53 Asia/Jakarta] PHP Warning:  Trying to access array offset on value of type null in D:\nial_app\akre\upload\aksi.php on line 9
[16-Mar-2022 11:54:53 Asia/Jakarta] PHP Warning:  Undefined array key "file" in D:\nial_app\akre\upload\aksi.php on line 10
[16-Mar-2022 11:54:53 Asia/Jakarta] PHP Warning:  Trying to access array offset on value of type null in D:\nial_app\akre\upload\aksi.php on line 10
[16-Mar-2022 13:50:44 Asia/Jakarta] PHP Warning:  Undefined array key "file" in D:\nial_app\akre\upload\aksi.php on line 6
[16-Mar-2022 13:50:44 Asia/Jakarta] PHP Warning:  Trying to access array offset on value of type null in D:\nial_app\akre\upload\aksi.php on line 6
[16-Mar-2022 13:50:44 Asia/Jakarta] PHP Warning:  Undefined array key "file" in D:\nial_app\akre\upload\aksi.php on line 9
[16-Mar-2022 13:50:44 Asia/Jakarta] PHP Warning:  Trying to access array offset on value of type null in D:\nial_app\akre\upload\aksi.php on line 9
[16-Mar-2022 13:50:44 Asia/Jakarta] PHP Warning:  Undefined array key "file" in D:\nial_app\akre\upload\aksi.php on line 10
[16-Mar-2022 13:50:44 Asia/Jakarta] PHP Warning:  Trying to access array offset on value of type null in D:\nial_app\akre\upload\aksi.php on line 10
[16-Mar-2022 14:35:36 Asia/Jakarta] PHP Warning:  Undefined array key "file" in D:\nial_app\akre\upload\aksi.php on line 6
[16-Mar-2022 14:35:36 Asia/Jakarta] PHP Warning:  Trying to access array offset on value of type null in D:\nial_app\akre\upload\aksi.php on line 6
[16-Mar-2022 14:35:36 Asia/Jakarta] PHP Warning:  Undefined array key "file" in D:\nial_app\akre\upload\aksi.php on line 9
[16-Mar-2022 14:35:36 Asia/Jakarta] PHP Warning:  Trying to access array offset on value of type null in D:\nial_app\akre\upload\aksi.php on line 9
[16-Mar-2022 14:35:36 Asia/Jakarta] PHP Warning:  Undefined array key "file" in D:\nial_app\akre\upload\aksi.php on line 10
[16-Mar-2022 14:35:36 Asia/Jakarta] PHP Warning:  Trying to access array offset on value of type null in D:\nial_app\akre\upload\aksi.php on line 10
[16-Mar-2022 14:46:15 Asia/Jakarta] PHP Warning:  Undefined array key "file" in D:\nial_app\akre\upload\aksi.php on line 6
[16-Mar-2022 14:46:15 Asia/Jakarta] PHP Warning:  Trying to access array offset on value of type null in D:\nial_app\akre\upload\aksi.php on line 6
[16-Mar-2022 14:46:15 Asia/Jakarta] PHP Warning:  Undefined array key "file" in D:\nial_app\akre\upload\aksi.php on line 9
[16-Mar-2022 14:46:15 Asia/Jakarta] PHP Warning:  Trying to access array offset on value of type null in D:\nial_app\akre\upload\aksi.php on line 9
[16-Mar-2022 14:46:15 Asia/Jakarta] PHP Warning:  Undefined array key "file" in D:\nial_app\akre\upload\aksi.php on line 10
[16-Mar-2022 14:46:15 Asia/Jakarta] PHP Warning:  Trying to access array offset on value of type null in D:\nial_app\akre\upload\aksi.php on line 10
[16-Mar-2022 14:47:10 Asia/Jakarta] PHP Warning:  Undefined array key "upload" in D:\nial_app\akre\upload\aksi.php on line 4
[16-Mar-2022 14:47:30 Asia/Jakarta] PHP Warning:  Undefined array key "upload" in D:\nial_app\akre\upload\aksi.php on line 4
[16-Mar-2022 14:49:14 Asia/Jakarta] PHP Warning:  Undefined array key "upload" in D:\nial_app\akre\upload\aksi.php on line 4
[16-Mar-2022 14:49:49 Asia/Jakarta] PHP Warning:  Undefined array key "gas" in D:\nial_app\akre\upload\aksi.php on line 4
[16-Mar-2022 14:50:00 Asia/Jakarta] PHP Warning:  Undefined array key "gas" in D:\nial_app\akre\upload\aksi.php on line 4
[16-Mar-2022 14:50:18 Asia/Jakarta] PHP Warning:  Undefined array key "Upload" in D:\nial_app\akre\upload\aksi.php on line 4
[16-Mar-2022 14:53:38 Asia/Jakarta] PHP Warning:  Undefined array key "upload" in D:\nial_app\akre\upload\aksi.php on line 4
[16-Mar-2022 14:53:39 Asia/Jakarta] PHP Warning:  Undefined array key "upload" in D:\nial_app\akre\upload\aksi.php on line 4
[16-Mar-2022 14:53:43 Asia/Jakarta] PHP Warning:  Undefined array key "upload" in D:\nial_app\akre\upload\aksi.php on line 4
[16-Mar-2022 14:54:11 Asia/Jakarta] PHP Warning:  Undefined array key "upload" in D:\nial_app\akre\upload\aksi.php on line 4
[16-Mar-2022 14:54:19 Asia/Jakarta] PHP Warning:  Undefined array key "upload" in D:\nial_app\akre\upload\aksi.php on line 4
[16-Mar-2022 14:54:21 Asia/Jakarta] PHP Warning:  Undefined array key "upload" in D:\nial_app\akre\upload\aksi.php on line 4
[16-Mar-2022 14:54:26 Asia/Jakarta] PHP Warning:  Undefined array key "upload" in D:\nial_app\akre\upload\aksi.php on line 4
[16-Mar-2022 14:54:35 Asia/Jakarta] PHP Fatal error:  Uncaught Error: Call to undefined function mysql_query() in D:\nial_app\akre\upload\aksi.php:15
Stack trace:
#0 {main}
  thrown in D:\nial_app\akre\upload\aksi.php on line 15
[16-Mar-2022 14:56:52 Asia/Jakarta] PHP Fatal error:  Uncaught ArgumentCountError: sqlsrv_query() expects at least 2 arguments, 1 given in D:\nial_app\akre\upload\aksi.php:15
Stack trace:
#0 D:\nial_app\akre\upload\aksi.php(15): sqlsrv_query('INSERT INTO akr...')
#1 {main}
  thrown in D:\nial_app\akre\upload\aksi.php on line 15
[16-Mar-2022 14:59:07 Asia/Jakarta] PHP Warning:  Undefined array key "upload" in D:\nial_app\akre\upload\aksi.php on line 4
[16-Mar-2022 14:59:55 Asia/Jakarta] PHP Warning:  Undefined array key "upload" in D:\nial_app\akre\upload\aksi.php on line 4
[16-Mar-2022 15:00:02 Asia/Jakarta] PHP Warning:  Undefined array key "upload" in D:\nial_app\akre\upload\aksi.php on line 4
[16-Mar-2022 15:00:04 Asia/Jakarta] PHP Warning:  Undefined array key "upload" in D:\nial_app\akre\upload\aksi.php on line 4
[16-Mar-2022 15:02:00 Asia/Jakarta] PHP Warning:  Undefined array key "upload" in D:\nial_app\akre\upload\aksi.php on line 4
[16-Mar-2022 15:04:46 Asia/Jakarta] PHP Warning:  Undefined array key "upload" in D:\nial_app\akre\upload\aksi.php on line 4
[16-Mar-2022 15:05:51 Asia/Jakarta] PHP Warning:  Undefined array key "upload" in D:\nial_app\akre\upload\aksi.php on line 4
[16-Mar-2022 15:05:55 Asia/Jakarta] PHP Warning:  Undefined array key "upload" in D:\nial_app\akre\upload\aksi.php on line 4
[16-Mar-2022 15:08:47 Asia/Jakarta] PHP Warning:  Undefined array key "upload" in D:\nial_app\akre\upload\aksi.php on line 4
[16-Mar-2022 15:09:54 Asia/Jakarta] PHP Warning:  Undefined array key "upload" in D:\nial_app\akre\upload\aksi.php on line 4
[16-Mar-2022 15:10:03 Asia/Jakarta] PHP Warning:  Undefined array key "upload" in D:\nial_app\akre\upload\aksi.php on line 4
[16-Mar-2022 15:19:44 Asia/Jakarta] PHP Warning:  Undefined array key "file" in D:\nial_app\akre\upload\aksi.php on line 10
[16-Mar-2022 15:25:20 Asia/Jakarta] PHP Warning:  Undefined array key "upload" in D:\nial_app\akre\upload\aksi.php on line 4
[19-Mar-2022 08:35:11 Asia/Jakarta] PHP Warning:  Undefined array key "files" in D:\nial_app\akre\upload\aksi.php on line 10
[19-Mar-2022 08:35:11 Asia/Jakarta] PHP Warning:  Trying to access array offset on value of type null in D:\nial_app\akre\upload\aksi.php on line 10
[19-Mar-2022 08:35:28 Asia/Jakarta] PHP Warning:  Undefined array key "upload" in D:\nial_app\akre\upload\aksi.php on line 4
[19-Mar-2022 08:50:21 Asia/Jakarta] PHP Warning:  Undefined array key "keterangan" in D:\nial_app\akre\upload\aksi.php on line 37
[19-Mar-2022 08:50:28 Asia/Jakarta] PHP Warning:  Undefined array key "keterangan" in D:\nial_app\akre\upload\aksi.php on line 37
[19-Mar-2022 10:57:14 Asia/Jakarta] PHP Warning:  Undefined array key "upload" in D:\nial_app\akre\upload\skp.php on line 8
[19-Mar-2022 10:57:44 Asia/Jakarta] PHP Warning:  Undefined array key "upload" in D:\nial_app\akre\upload\skp.php on line 8
[19-Mar-2022 11:10:08 Asia/Jakarta] PHP Warning:  Array to string conversion in D:\nial_app\akre\upload\aksi.php on line 18
[19-Mar-2022 11:11:25 Asia/Jakarta] PHP Warning:  Undefined array key "upload" in D:\nial_app\akre\upload\aksi.php on line 4
[19-Mar-2022 11:11:30 Asia/Jakarta] PHP Warning:  Array to string conversion in D:\nial_app\akre\upload\aksi.php on line 18
[19-Mar-2022 11:14:24 Asia/Jakarta] PHP Parse error:  syntax error, unexpected token ":" in D:\nial_app\akre\upload\aksi.php on line 30
[19-Mar-2022 11:16:32 Asia/Jakarta] PHP Parse error:  syntax error, unexpected identifier "header", expecting "," or ";" in D:\nial_app\akre\upload\aksi.php on line 21
[19-Mar-2022 12:47:20 Asia/Jakarta] PHP Parse error:  syntax error, unexpected identifier "alert" in D:\nial_app\akre\upload\aksi.php on line 13
[19-Mar-2022 12:50:40 Asia/Jakarta] PHP Warning:  Undefined variable $no in D:\nial_app\akre\upload\skp.php on line 278
[19-Mar-2022 12:51:09 Asia/Jakarta] PHP Warning:  Undefined variable $no in D:\nial_app\akre\upload\skp.php on line 278
[19-Mar-2022 13:00:00 Asia/Jakarta] PHP Warning:  Undefined array key "upload" in D:\nial_app\akre\upload\aksi.php on line 4
[19-Mar-2022 14:07:03 Asia/Jakarta] PHP Warning:  Trying to access array offset on value of type null in D:\nial_app\akre\upload\skp.php on line 268
[19-Mar-2022 14:07:03 Asia/Jakarta] PHP Warning:  Trying to access array offset on value of type null in D:\nial_app\akre\upload\skp.php on line 269
[19-Mar-2022 14:37:17 Asia/Jakarta] PHP Warning:  Undefined array key "keterangan" in D:\nial_app\akre\upload\aksi.php on line 13
[19-Mar-2022 14:37:48 Asia/Jakarta] PHP Warning:  Undefined array key "keterangan" in D:\nial_app\akre\upload\aksi.php on line 13
[22-Mar-2022 12:10:46 Asia/Jakarta] PHP Parse error:  Unclosed '{' on line 274 in D:\nial_app\akre\upload\skp.php on line 333
[22-Mar-2022 12:13:38 Asia/Jakarta] PHP Parse error:  Unclosed '{' on line 274 in D:\nial_app\akre\upload\skp.php on line 334
[22-Mar-2022 12:14:26 Asia/Jakarta] PHP Parse error:  syntax error, unexpected token "}" in D:\nial_app\akre\upload\skp.php on line 301
[25-Mar-2022 08:46:42 Asia/Jakarta] PHP Fatal error:  Uncaught Error: Undefined constant "document" in D:\nial_app\akre\upload\aksi.php:15
Stack trace:
#0 {main}
  thrown in D:\nial_app\akre\upload\aksi.php on line 15
[25-Mar-2022 09:01:44 Asia/Jakarta] PHP Parse error:  syntax error, unexpected identifier "Good", expecting "," or ";" in D:\nial_app\akre\upload\aksi.php on line 24
[25-Mar-2022 09:04:43 Asia/Jakarta] PHP Warning:  Undefined array key "upload" in D:\nial_app\akre\upload\aksi.php on line 5
[25-Mar-2022 09:13:22 Asia/Jakarta] PHP Warning:  Undefined array key "upload" in D:\nial_app\akre\upload\aksi.php on line 5
[25-Mar-2022 09:29:55 Asia/Jakarta] PHP Warning:  Undefined array key "upload" in D:\nial_app\akre\upload\aksi.php on line 5
[25-Mar-2022 09:30:02 Asia/Jakarta] PHP Warning:  Undefined array key "upload" in D:\nial_app\akre\upload\aksi.php on line 5
[25-Mar-2022 09:32:10 Asia/Jakarta] PHP Warning:  Undefined array key "upload" in D:\nial_app\akre\upload\aksi.php on line 5
[25-Mar-2022 09:35:12 Asia/Jakarta] PHP Warning:  include(headerr.php): Failed to open stream: No such file or directory in D:\nial_app\akre\upload\skp.php on line 4
[25-Mar-2022 09:35:12 Asia/Jakarta] PHP Warning:  include(): Failed opening 'headerr.php' for inclusion (include_path='.;C:\php\pear') in D:\nial_app\akre\upload\skp.php on line 4
[25-Mar-2022 09:35:12 Asia/Jakarta] PHP Warning:  include(footer.php): Failed to open stream: No such file or directory in D:\nial_app\akre\upload\skp.php on line 5
[25-Mar-2022 09:35:12 Asia/Jakarta] PHP Warning:  include(): Failed opening 'footer.php' for inclusion (include_path='.;C:\php\pear') in D:\nial_app\akre\upload\skp.php on line 5
[25-Mar-2022 09:41:26 Asia/Jakarta] PHP Warning:  include(akre/header.php): Failed to open stream: No such file or directory in D:\nial_app\akre\upload\skp.php on line 4
[25-Mar-2022 09:41:26 Asia/Jakarta] PHP Warning:  include(): Failed opening 'akre/header.php' for inclusion (include_path='.;C:\php\pear') in D:\nial_app\akre\upload\skp.php on line 4
[25-Mar-2022 09:57:05 Asia/Jakarta] PHP Warning:  include(footer.php): Failed to open stream: No such file or directory in D:\nial_app\akre\upload\aksi.php on line 3
[25-Mar-2022 09:57:05 Asia/Jakarta] PHP Warning:  include(): Failed opening 'footer.php' for inclusion (include_path='.;C:\php\pear') in D:\nial_app\akre\upload\aksi.php on line 3
[25-Mar-2022 09:57:58 Asia/Jakarta] PHP Warning:  Undefined array key "upload" in D:\nial_app\akre\upload\aksi.php on line 5
[25-Mar-2022 10:00:25 Asia/Jakarta] PHP Warning:  Undefined array key "upload" in D:\nial_app\akre\upload\aksi.php on line 5
[25-Mar-2022 10:00:33 Asia/Jakarta] PHP Warning:  Undefined array key "upload" in D:\nial_app\akre\upload\aksi.php on line 5
[25-Mar-2022 10:00:52 Asia/Jakarta] PHP Warning:  Undefined array key "upload" in D:\nial_app\akre\upload\aksi.php on line 5
[25-Mar-2022 10:05:27 Asia/Jakarta] PHP Warning:  Undefined array key "upload" in D:\nial_app\akre\upload\aksi.php on line 5
[25-Mar-2022 10:05:43 Asia/Jakarta] PHP Warning:  Undefined array key "upload" in D:\nial_app\akre\upload\aksi.php on line 5
[25-Mar-2022 10:07:04 Asia/Jakarta] PHP Warning:  Undefined array key "upload" in D:\nial_app\akre\upload\aksi.php on line 5
[25-Mar-2022 10:07:10 Asia/Jakarta] PHP Warning:  Undefined array key "upload" in D:\nial_app\akre\upload\aksi.php on line 5
[25-Mar-2022 10:07:55 Asia/Jakarta] PHP Warning:  Undefined array key "upload" in D:\nial_app\akre\upload\aksi.php on line 5
[25-Mar-2022 10:10:10 Asia/Jakarta] PHP Warning:  Undefined array key "upload" in D:\nial_app\akre\upload\aksi.php on line 5
[25-Mar-2022 10:10:23 Asia/Jakarta] PHP Warning:  Undefined array key "upload" in D:\nial_app\akre\upload\aksi.php on line 5
