[25-Mar-2022 10:13:04 Asia/Jakarta] PHP Warning:  include(conn.php): Failed to open stream: No such file or directory in D:\nial_app\akre\upload\SKP\skp.php on line 83
[25-Mar-2022 10:13:04 Asia/Jakarta] PHP Warning:  include(): Failed opening 'conn.php' for inclusion (include_path='.;C:\php\pear') in D:\nial_app\akre\upload\SKP\skp.php on line 83
[25-Mar-2022 10:13:04 Asia/Jakarta] PHP Warning:  Undefined variable $conn in D:\nial_app\akre\upload\SKP\skp.php on line 88
[25-Mar-2022 10:13:04 Asia/Jakarta] PHP Fatal error:  Uncaught TypeError: sqlsrv_query(): Argument #1 ($conn) must be of type resource, null given in D:\nial_app\akre\upload\SKP\skp.php:88
Stack trace:
#0 D:\nial_app\akre\upload\SKP\skp.php(88): sqlsrv_query(NULL, 'SELECT * FROM s...')
#1 {main}
  thrown in D:\nial_app\akre\upload\SKP\skp.php on line 88
[25-Mar-2022 10:18:00 Asia/Jakarta] PHP Warning:  Undefined array key "upload" in D:\nial_app\akre\upload\SKP\aksi.php on line 5
[25-Mar-2022 10:18:09 Asia/Jakarta] PHP Warning:  Undefined variable $conn in D:\nial_app\akre\upload\SKP\skp.php on line 83
[25-Mar-2022 10:18:09 Asia/Jakarta] PHP Fatal error:  Uncaught TypeError: sqlsrv_query(): Argument #1 ($conn) must be of type resource, null given in D:\nial_app\akre\upload\SKP\skp.php:83
Stack trace:
#0 D:\nial_app\akre\upload\SKP\skp.php(83): sqlsrv_query(NULL, 'SELECT * FROM s...')
#1 {main}
  thrown in D:\nial_app\akre\upload\SKP\skp.php on line 83
[25-Mar-2022 10:20:47 Asia/Jakarta] PHP Warning:  include(../template/header.php): Failed to open stream: No such file or directory in D:\nial_app\akre\upload\SKP\skp.php on line 4
[25-Mar-2022 10:20:47 Asia/Jakarta] PHP Warning:  include(): Failed opening '../template/header.php' for inclusion (include_path='.;C:\php\pear') in D:\nial_app\akre\upload\SKP\skp.php on line 4
[25-Mar-2022 10:27:42 Asia/Jakarta] PHP Warning:  include(../../../template/header.php): Failed to open stream: No such file or directory in D:\nial_app\akre\upload\SKP\skp.php on line 5
[25-Mar-2022 10:27:42 Asia/Jakarta] PHP Warning:  include(): Failed opening '../../../template/header.php' for inclusion (include_path='.;C:\php\pear') in D:\nial_app\akre\upload\SKP\skp.php on line 5
[25-Mar-2022 10:27:42 Asia/Jakarta] PHP Warning:  Undefined array key "upload" in D:\nial_app\akre\upload\SKP\aksi.php on line 5
[25-Mar-2022 10:28:00 Asia/Jakarta] PHP Warning:  Undefined array key "upload" in D:\nial_app\akre\upload\SKP\aksi.php on line 5
